[debug] [2018-04-05T08:03:31.029Z] ----------------------------------------------------------------------
[debug] [2018-04-05T08:03:31.037Z] Command:       C:\Program Files\nodejs\node.exe C:\Program Files\nodejs\node_modules\firebase-tools\bin\firebase deploy
[debug] [2018-04-05T08:03:31.038Z] CLI Version:   3.17.7
[debug] [2018-04-05T08:03:31.038Z] Platform:      win32
[debug] [2018-04-05T08:03:31.039Z] Node Version:  v9.10.1
[debug] [2018-04-05T08:03:31.040Z] Time:          Thu Apr 05 2018 16:03:31 GMT+0800 (China Standard Time)
[debug] [2018-04-05T08:03:31.040Z] ----------------------------------------------------------------------
[debug] 
[debug] [2018-04-05T08:03:31.355Z] > command requires scopes: ["email","openid","https://www.googleapis.com/auth/cloudplatformprojects.readonly","https://www.googleapis.com/auth/firebase","https://www.googleapis.com/auth/cloud-platform"]
[debug] [2018-04-05T08:03:31.356Z] > authorizing via signed-in user
[debug] [2018-04-05T08:03:31.361Z] > refreshing access token with scopes: ["email","https://www.googleapis.com/auth/cloud-platform","https://www.googleapis.com/auth/cloudplatformprojects.readonly","https://www.googleapis.com/auth/firebase","openid"]
[debug] [2018-04-05T08:03:31.362Z] >>> HTTP REQUEST POST https://www.googleapis.com/oauth2/v3/token  
 { refresh_token: '1/YKZh7Xq0A_ulhEZyt4UQ4oqis3Agf52rIPV2n1MjiSM',
  client_id: '563584335869-fgrhgmd47bqnekij5i8b5pr03ho849e6.apps.googleusercontent.com',
  client_secret: 'j9iVZfS8kkCEFUPaAeJV0sAi',
  grant_type: 'refresh_token',
  scope: 'email https://www.googleapis.com/auth/cloud-platform https://www.googleapis.com/auth/cloudplatformprojects.readonly https://www.googleapis.com/auth/firebase openid' } 
 Thu Apr 05 2018 16:03:31 GMT+0800 (China Standard Time)
[debug] [2018-04-05T08:03:33.944Z] <<< HTTP RESPONSE 200
[debug] [2018-04-05T08:03:34.358Z] >>> HTTP REQUEST GET https://admin.firebase.com/v1/projects/idyllic-catfish-183908  
  
 Thu Apr 05 2018 16:03:34 GMT+0800 (China Standard Time)
[debug] [2018-04-05T08:03:36.170Z] <<< HTTP RESPONSE 200
[debug] [2018-04-05T08:03:36.172Z] >>> HTTP REQUEST GET https://admin.firebase.com/v1/database/idyllic-catfish-183908/tokens  
  
 Thu Apr 05 2018 16:03:36 GMT+0800 (China Standard Time)
[debug] [2018-04-05T08:03:37.329Z] <<< HTTP RESPONSE 200
[info] 
[info] === Deploying to 'idyllic-catfish-183908'...
[info] 
[info] i  deploying firestore, hosting
[info] i  firestore: checking firestore.rules for compilation errors...
[debug] [2018-04-05T08:03:38.645Z] >>> HTTP REQUEST POST https://firebaserules.googleapis.com/v1/projects/idyllic-catfish-183908:test  
 { source: { files: [ [Object] ] } } 
 Thu Apr 05 2018 16:03:38 GMT+0800 (China Standard Time)
[debug] [2018-04-05T08:03:40.303Z] <<< HTTP RESPONSE 200
[info] +  firestore: rules file firestore.rules compiled successfully
[info] i  firestore: uploading rules firestore.rules...
[debug] [2018-04-05T08:03:40.314Z] >>> HTTP REQUEST POST https://firebaserules.googleapis.com/v1/projects/idyllic-catfish-183908/rulesets  
 { source: { files: [ [Object] ] } } 
 Thu Apr 05 2018 16:03:40 GMT+0800 (China Standard Time)
[debug] [2018-04-05T08:03:40.316Z] >>> HTTP REQUEST GET https://firestore.googleapis.com/v1beta1/projects/idyllic-catfish-183908/databases/(default)/indexes  
  
 Thu Apr 05 2018 16:03:40 GMT+0800 (China Standard Time)
[debug] [2018-04-05T08:03:41.300Z] <<< HTTP RESPONSE 200
[debug] [2018-04-05T08:03:41.677Z] <<< HTTP RESPONSE 200
[debug] [2018-04-05T08:03:41.677Z] [rules] created ruleset projects/idyllic-catfish-183908/rulesets/087c442b-c338-46e0-838a-74caa3104f68
[info] i  hosting: preparing www directory for upload...
[debug] [2018-04-05T08:03:44.272Z] >>> HTTP REQUEST PUT https://deploy.firebase.com/v1/hosting/idyllic-catfish-183908/uploads/-L9JpFoV5B0VU9diz9ps?fileCount=277&message=  
  
 Thu Apr 05 2018 16:03:44 GMT+0800 (China Standard Time)
